<?xml version="1.0" encoding="UTF-8"?>
<!-- Generated by org.testng.reporters.JUnitReportReporter -->
<testsuite hostname="DML-m3UnsN89rwO" failures="0" tests="1" name="com.amazon.test.TestAmazon" time="28.770" errors="0" timestamp="2022-09-15T09:35:40 IST" skipped="0">
  <testcase classname="com.amazon.test.TestAmazon" name="productAboutTest" time="28.770"/>
  <system-out/>
</testsuite> <!-- com.amazon.test.TestAmazon -->
