<?xml version="1.0" encoding="UTF-8"?>
<!-- Generated by org.testng.reporters.JUnitReportReporter -->
<testsuite hostname="DML-m3UnsN89rwO" failures="0" tests="1" name="com.amazon.test.TestAmazon" time="15.484" errors="0" timestamp="2022-09-15T12:58:24 IST" skipped="0">
  <testcase classname="com.amazon.test.TestAmazon" name="productAboutTest" time="15.484"/>
  <system-out/>
</testsuite> <!-- com.amazon.test.TestAmazon -->
