<?xml version="1.0" encoding="UTF-8"?>
<!-- Generated by org.testng.reporters.JUnitReportReporter -->
<testsuite hostname="DML-m3UnsN89rwO" failures="0" tests="1" name="com.amazon.test.TestAmazon" time="5.109" errors="0" timestamp="2022-09-14T16:27:04 IST" skipped="0">
  <testcase classname="com.amazon.test.TestAmazon" name="productAboutTest" time="5.109"/>
  <system-out/>
</testsuite> <!-- com.amazon.test.TestAmazon -->
