<?xml version="1.0" encoding="UTF-8"?>
<!-- Generated by org.testng.reporters.JUnitReportReporter -->
<testsuite hostname="DML-m3UnsN89rwO" failures="0" tests="1" name="com.amazon.test.TestAmazon" time="2.003" errors="0" timestamp="2022-09-14T12:59:45 IST" skipped="0">
  <testcase classname="com.amazon.test.TestAmazon" name="productAboutTest" time="2.003"/>
  <system-out/>
</testsuite> <!-- com.amazon.test.TestAmazon -->
